<?xml version="1.0" encoding="UTF-8"?>
<coverage generated="1590941290895" clover="3.2.0">
  <project timestamp="1590941290896" name="All files">
    <metrics statements="146" coveredstatements="115" conditionals="84" coveredconditionals="47" methods="39" coveredmethods="30" elements="269" coveredelements="192" complexity="0" loc="146" ncloc="146" packages="2" files="6" classes="6"/>
    <package name="lib">
      <metrics statements="137" coveredstatements="109" conditionals="84" coveredconditionals="47" methods="33" coveredmethods="26"/>
      <file name="check.js" path="C:\Users\Administrator\Desktop\enhance-redux\lib\check.js">
        <metrics statements="14" coveredstatements="14" conditionals="9" coveredconditionals="5" methods="5" coveredmethods="5"/>
        <line num="5" count="35" type="stmt"/>
        <line num="9" count="14" type="cond" truecount="0" falsecount="2"/>
        <line num="10" count="14" type="stmt"/>
        <line num="14" count="14" type="stmt"/>
        <line num="15" count="14" type="stmt"/>
        <line num="17" count="14" type="stmt"/>
        <line num="18" count="14" type="stmt"/>
        <line num="22" count="12" type="cond" truecount="1" falsecount="1"/>
        <line num="23" count="12" type="cond" truecount="2" falsecount="0"/>
        <line num="24" count="12" type="stmt"/>
        <line num="25" count="12" type="cond" truecount="2" falsecount="0"/>
        <line num="26" count="5" type="stmt"/>
        <line num="27" count="5" type="stmt"/>
        <line num="31" count="2" type="stmt"/>
      </file>
      <file name="index.js" path="C:\Users\Administrator\Desktop\enhance-redux\lib\index.js">
        <metrics statements="95" coveredstatements="72" conditionals="57" coveredconditionals="36" methods="19" coveredmethods="14"/>
        <line num="19" count="7" type="cond" truecount="2" falsecount="0"/>
        <line num="20" count="7" type="stmt"/>
        <line num="21" count="7" type="stmt"/>
        <line num="22" count="7" type="stmt"/>
        <line num="23" count="7" type="stmt"/>
        <line num="39" count="4" type="cond" truecount="4" falsecount="0"/>
        <line num="40" count="2" type="stmt"/>
        <line num="41" count="2" type="stmt"/>
        <line num="42" count="2" type="stmt"/>
        <line num="43" count="2" type="stmt"/>
        <line num="44" count="2" type="stmt"/>
        <line num="46" count="0" type="stmt"/>
        <line num="49" count="2" type="cond" truecount="4" falsecount="0"/>
        <line num="50" count="1" type="stmt"/>
        <line num="53" count="1" type="stmt"/>
        <line num="62" count="21" type="stmt"/>
        <line num="63" count="4" type="cond" truecount="1" falsecount="1"/>
        <line num="64" count="4" type="stmt"/>
        <line num="66" count="4" type="stmt"/>
        <line num="67" count="4" type="stmt"/>
        <line num="74" count="4" type="stmt"/>
        <line num="78" count="4" type="stmt"/>
        <line num="81" count="21" type="stmt"/>
        <line num="82" count="21" type="stmt"/>
        <line num="90" count="14" type="stmt"/>
        <line num="91" count="2" type="cond" truecount="1" falsecount="1"/>
        <line num="92" count="2" type="stmt"/>
        <line num="94" count="2" type="stmt"/>
        <line num="95" count="2" type="stmt"/>
        <line num="100" count="0" type="stmt"/>
        <line num="101" count="0" type="cond" truecount="0" falsecount="2"/>
        <line num="102" count="0" type="stmt"/>
        <line num="103" count="0" type="stmt"/>
        <line num="104" count="0" type="stmt"/>
        <line num="106" count="0" type="stmt"/>
        <line num="108" count="0" type="stmt"/>
        <line num="116" count="14" type="stmt"/>
        <line num="117" count="14" type="stmt"/>
        <line num="125" count="0" type="stmt"/>
        <line num="126" count="0" type="stmt"/>
        <line num="127" count="0" type="stmt"/>
        <line num="128" count="0" type="stmt"/>
        <line num="135" count="14" type="cond" truecount="1" falsecount="1"/>
        <line num="137" count="14" type="stmt"/>
        <line num="139" count="14" type="cond" truecount="0" falsecount="3"/>
        <line num="143" count="14" type="stmt"/>
        <line num="145" count="14" type="cond" truecount="1" falsecount="1"/>
        <line num="146" count="14" type="stmt"/>
        <line num="147" count="21" type="cond" truecount="2" falsecount="0"/>
        <line num="148" count="21" type="cond" truecount="2" falsecount="0"/>
        <line num="149" count="21" type="stmt"/>
        <line num="155" count="21" type="stmt"/>
        <line num="162" count="14" type="cond" truecount="1" falsecount="1"/>
        <line num="163" count="14" type="stmt"/>
        <line num="164" count="14" type="cond" truecount="1" falsecount="1"/>
        <line num="165" count="14" type="cond" truecount="1" falsecount="1"/>
        <line num="166" count="14" type="stmt"/>
        <line num="170" count="14" type="stmt"/>
        <line num="176" count="14" type="stmt"/>
        <line num="185" count="0" type="stmt"/>
        <line num="186" count="0" type="stmt"/>
        <line num="187" count="0" type="stmt"/>
        <line num="188" count="0" type="stmt"/>
        <line num="189" count="0" type="stmt"/>
        <line num="190" count="0" type="stmt"/>
        <line num="197" count="2" type="stmt"/>
        <line num="198" count="2" type="cond" truecount="1" falsecount="1"/>
        <line num="199" count="2" type="stmt"/>
        <line num="203" count="2" type="stmt"/>
        <line num="212" count="2" type="stmt"/>
        <line num="213" count="0" type="stmt"/>
        <line num="222" count="12" type="cond" truecount="1" falsecount="1"/>
        <line num="223" count="12" type="stmt"/>
        <line num="225" count="12" type="stmt"/>
        <line num="227" count="12" type="cond" truecount="4" falsecount="0"/>
        <line num="229" count="5" type="cond" truecount="1" falsecount="1"/>
        <line num="230" count="5" type="stmt"/>
        <line num="231" count="5" type="stmt"/>
        <line num="232" count="5" type="stmt"/>
        <line num="233" count="5" type="stmt"/>
        <line num="236" count="5" type="cond" truecount="1" falsecount="1"/>
        <line num="237" count="5" type="stmt"/>
        <line num="238" count="5" type="stmt"/>
        <line num="241" count="0" type="stmt"/>
        <line num="243" count="0" type="stmt"/>
        <line num="246" count="7" type="cond" truecount="1" falsecount="1"/>
        <line num="247" count="0" type="stmt"/>
        <line num="250" count="7" type="cond" truecount="3" falsecount="1"/>
        <line num="251" count="0" type="stmt"/>
        <line num="254" count="7" type="stmt"/>
        <line num="256" count="7" type="stmt"/>
        <line num="258" count="7" type="stmt"/>
        <line num="264" count="7" type="stmt"/>
        <line num="265" count="7" type="stmt"/>
        <line num="268" count="7" type="stmt"/>
      </file>
      <file name="namespace.js" path="C:\Users\Administrator\Desktop\enhance-redux\lib\namespace.js">
        <metrics statements="8" coveredstatements="8" conditionals="0" coveredconditionals="0" methods="0" coveredmethods="0"/>
        <line num="3" count="1" type="stmt"/>
        <line num="4" count="1" type="stmt"/>
        <line num="5" count="1" type="stmt"/>
        <line num="6" count="1" type="stmt"/>
        <line num="8" count="1" type="stmt"/>
        <line num="9" count="1" type="stmt"/>
        <line num="12" count="1" type="stmt"/>
        <line num="15" count="1" type="stmt"/>
      </file>
      <file name="util.js" path="C:\Users\Administrator\Desktop\enhance-redux\lib\util.js">
        <metrics statements="20" coveredstatements="15" conditionals="18" coveredconditionals="6" methods="9" coveredmethods="7"/>
        <line num="3" count="1" type="stmt"/>
        <line num="12" count="89" type="cond" truecount="1" falsecount="1"/>
        <line num="13" count="0" type="cond" truecount="0" falsecount="4"/>
        <line num="14" count="0" type="stmt"/>
        <line num="16" count="0" type="stmt"/>
        <line num="17" count="0" type="stmt"/>
        <line num="22" count="14" type="stmt"/>
        <line num="26" count="24" type="stmt"/>
        <line num="32" count="1" type="stmt"/>
        <line num="34" count="1" type="cond" truecount="0" falsecount="1"/>
        <line num="35" count="5" type="stmt"/>
        <line num="39" count="1" type="cond" truecount="0" falsecount="1"/>
        <line num="41" count="5" type="stmt"/>
        <line num="44" count="1" type="stmt"/>
        <line num="45" count="6" type="cond" truecount="1" falsecount="1"/>
        <line num="46" count="6" type="stmt"/>
        <line num="49" count="1" type="stmt"/>
        <line num="50" count="0" type="cond" truecount="0" falsecount="3"/>
        <line num="53" count="1" type="stmt"/>
        <line num="54" count="49" type="cond" truecount="2" falsecount="1"/>
      </file>
    </package>
    <package name="test.model">
      <metrics statements="9" coveredstatements="6" conditionals="0" coveredconditionals="0" methods="6" coveredmethods="4"/>
      <file name="common.js" path="C:\Users\Administrator\Desktop\enhance-redux\test\model\common.js">
        <metrics statements="8" coveredstatements="6" conditionals="0" coveredconditionals="0" methods="5" coveredmethods="4"/>
        <line num="13" count="3" type="stmt"/>
        <line num="19" count="1" type="stmt"/>
        <line num="27" count="2" type="stmt"/>
        <line num="28" count="2" type="stmt"/>
        <line num="30" count="2" type="stmt"/>
        <line num="32" count="2" type="stmt"/>
        <line num="35" count="0" type="stmt"/>
        <line num="36" count="0" type="stmt"/>
      </file>
      <file name="list.js" path="C:\Users\Administrator\Desktop\enhance-redux\test\model\list.js">
        <metrics statements="1" coveredstatements="0" conditionals="0" coveredconditionals="0" methods="1" coveredmethods="0"/>
        <line num="8" count="0" type="stmt"/>
      </file>
    </package>
  </project>
</coverage>
