{"C:\\Users\\Administrator\\Desktop\\enhance-redux\\lib\\check.js": {"path":"C:\\Users\\Administrator\\Desktop\\enhance-redux\\lib\\check.js","statementMap":{"0":{"start":{"line":5,"column":2},"end":{"line":5,"column":73}},"1":{"start":{"line":5,"column":41},"end":{"line":5,"column":71}},"2":{"start":{"line":9,"column":53},"end":{"line":9,"column":58}},"3":{"start":{"line":10,"column":2},"end":{"line":13,"column":4}},"4":{"start":{"line":14,"column":2},"end":{"line":14,"column":46}},"5":{"start":{"line":15,"column":2},"end":{"line":15,"column":39}},"6":{"start":{"line":17,"column":2},"end":{"line":17,"column":56}},"7":{"start":{"line":18,"column":2},"end":{"line":18,"column":54}},"8":{"start":{"line":22,"column":2},"end":{"line":22,"column":60}},"9":{"start":{"line":22,"column":53},"end":{"line":22,"column":60}},"10":{"start":{"line":23,"column":2},"end":{"line":23,"column":52}},"11":{"start":{"line":24,"column":19},"end":{"line":24,"column":25}},"12":{"start":{"line":25,"column":2},"end":{"line":25,"column":41}},"13":{"start":{"line":25,"column":34},"end":{"line":25,"column":41}},"14":{"start":{"line":26,"column":24},"end":{"line":26,"column":45}},"15":{"start":{"line":27,"column":2},"end":{"line":27,"column":75}},"16":{"start":{"line":31,"column":2},"end":{"line":31,"column":32}}},"fnMap":{"0":{"name":"isAllFunction","decl":{"start":{"line":4,"column":9},"end":{"line":4,"column":22}},"loc":{"start":{"line":4,"column":28},"end":{"line":6,"column":1}},"line":4},"1":{"name":"(anonymous_1)","decl":{"start":{"line":5,"column":32},"end":{"line":5,"column":33}},"loc":{"start":{"line":5,"column":41},"end":{"line":5,"column":71}},"line":5},"2":{"name":"checkModel","decl":{"start":{"line":8,"column":16},"end":{"line":8,"column":26}},"loc":{"start":{"line":8,"column":60},"end":{"line":19,"column":1}},"line":8},"3":{"name":"checkType","decl":{"start":{"line":21,"column":16},"end":{"line":21,"column":25}},"loc":{"start":{"line":21,"column":56},"end":{"line":28,"column":1}},"line":21},"4":{"name":"isSame","decl":{"start":{"line":30,"column":16},"end":{"line":30,"column":22}},"loc":{"start":{"line":30,"column":33},"end":{"line":32,"column":1}},"line":30}},"branchMap":{"0":{"loc":{"start":{"line":8,"column":34},"end":{"line":8,"column":58}},"type":"default-arg","locations":[{"start":{"line":8,"column":56},"end":{"line":8,"column":58}}],"line":8},"1":{"loc":{"start":{"line":9,"column":21},"end":{"line":9,"column":34}},"type":"default-arg","locations":[{"start":{"line":9,"column":32},"end":{"line":9,"column":34}}],"line":9},"2":{"loc":{"start":{"line":9,"column":36},"end":{"line":9,"column":48}},"type":"default-arg","locations":[{"start":{"line":9,"column":46},"end":{"line":9,"column":48}}],"line":9},"3":{"loc":{"start":{"line":22,"column":2},"end":{"line":22,"column":60}},"type":"if","locations":[{"start":{"line":22,"column":2},"end":{"line":22,"column":60}},{"start":{"line":22,"column":2},"end":{"line":22,"column":60}}],"line":22},"4":{"loc":{"start":{"line":23,"column":10},"end":{"line":23,"column":31}},"type":"binary-expr","locations":[{"start":{"line":23,"column":10},"end":{"line":23,"column":16}},{"start":{"line":23,"column":20},"end":{"line":23,"column":31}}],"line":23},"5":{"loc":{"start":{"line":25,"column":2},"end":{"line":25,"column":41}},"type":"if","locations":[{"start":{"line":25,"column":2},"end":{"line":25,"column":41}},{"start":{"line":25,"column":2},"end":{"line":25,"column":41}}],"line":25}},"s":{"0":28,"1":35,"2":14,"3":14,"4":14,"5":14,"6":14,"7":14,"8":12,"9":0,"10":12,"11":12,"12":12,"13":7,"14":5,"15":5,"16":2},"f":{"0":28,"1":35,"2":14,"3":12,"4":2},"b":{"0":[0],"1":[0],"2":[0],"3":[0,12],"4":[12,12],"5":[7,5]},"_coverageSchema":"1a1c01bbd47fc00a2c39e90264f33305004495a9","hash":"cca470bec6f07adbc13adccdfed1c97248f536cc"}
,"C:\\Users\\Administrator\\Desktop\\enhance-redux\\lib\\index.js": {"path":"C:\\Users\\Administrator\\Desktop\\enhance-redux\\lib\\index.js","statementMap":{"0":{"start":{"line":19,"column":62},"end":{"line":19,"column":69}},"1":{"start":{"line":20,"column":31},"end":{"line":20,"column":33}},"2":{"start":{"line":21,"column":27},"end":{"line":21,"column":29}},"3":{"start":{"line":22,"column":26},"end":{"line":22,"column":28}},"4":{"start":{"line":23,"column":15},"end":{"line":23,"column":17}},"5":{"start":{"line":39,"column":4},"end":{"line":54,"column":5}},"6":{"start":{"line":40,"column":30},"end":{"line":40,"column":36}},"7":{"start":{"line":41,"column":6},"end":{"line":47,"column":7}},"8":{"start":{"line":42,"column":33},"end":{"line":42,"column":54}},"9":{"start":{"line":43,"column":27},"end":{"line":43,"column":59}},"10":{"start":{"line":44,"column":8},"end":{"line":44,"column":35}},"11":{"start":{"line":46,"column":8},"end":{"line":46,"column":27}},"12":{"start":{"line":49,"column":11},"end":{"line":54,"column":5}},"13":{"start":{"line":50,"column":6},"end":{"line":50,"column":35}},"14":{"start":{"line":53,"column":6},"end":{"line":53,"column":20}},"15":{"start":{"line":62,"column":22},"end":{"line":79,"column":5}},"16":{"start":{"line":63,"column":6},"end":{"line":65,"column":7}},"17":{"start":{"line":64,"column":8},"end":{"line":64,"column":59}},"18":{"start":{"line":66,"column":20},"end":{"line":66,"column":30}},"19":{"start":{"line":67,"column":19},"end":{"line":73,"column":7}},"20":{"start":{"line":74,"column":6},"end":{"line":77,"column":9}},"21":{"start":{"line":78,"column":6},"end":{"line":78,"column":18}},"22":{"start":{"line":81,"column":4},"end":{"line":81,"column":47}},"23":{"start":{"line":82,"column":4},"end":{"line":82,"column":21}},"24":{"start":{"line":90,"column":22},"end":{"line":115,"column":5}},"25":{"start":{"line":91,"column":6},"end":{"line":93,"column":7}},"26":{"start":{"line":92,"column":8},"end":{"line":92,"column":60}},"27":{"start":{"line":94,"column":20},"end":{"line":94,"column":30}},"28":{"start":{"line":95,"column":6},"end":{"line":114,"column":8}},"29":{"start":{"line":100,"column":26},"end":{"line":100,"column":36}},"30":{"start":{"line":101,"column":12},"end":{"line":101,"column":41}},"31":{"start":{"line":101,"column":28},"end":{"line":101,"column":41}},"32":{"start":{"line":102,"column":12},"end":{"line":107,"column":13}},"33":{"start":{"line":103,"column":31},"end":{"line":103,"column":57}},"34":{"start":{"line":104,"column":14},"end":{"line":104,"column":70}},"35":{"start":{"line":104,"column":52},"end":{"line":104,"column":61}},"36":{"start":{"line":106,"column":14},"end":{"line":106,"column":56}},"37":{"start":{"line":108,"column":12},"end":{"line":108,"column":25}},"38":{"start":{"line":116,"column":4},"end":{"line":116,"column":47}},"39":{"start":{"line":117,"column":4},"end":{"line":117,"column":21}},"40":{"start":{"line":125,"column":4},"end":{"line":125,"column":24}},"41":{"start":{"line":126,"column":4},"end":{"line":126,"column":25}},"42":{"start":{"line":127,"column":21},"end":{"line":127,"column":34}},"43":{"start":{"line":128,"column":4},"end":{"line":131,"column":7}},"44":{"start":{"line":135,"column":4},"end":{"line":138,"column":5}},"45":{"start":{"line":137,"column":6},"end":{"line":137,"column":46}},"46":{"start":{"line":139,"column":67},"end":{"line":139,"column":72}},"47":{"start":{"line":143,"column":4},"end":{"line":143,"column":30}},"48":{"start":{"line":145,"column":4},"end":{"line":157,"column":5}},"49":{"start":{"line":146,"column":6},"end":{"line":156,"column":9}},"50":{"start":{"line":147,"column":8},"end":{"line":147,"column":75}},"51":{"start":{"line":147,"column":42},"end":{"line":147,"column":75}},"52":{"start":{"line":148,"column":8},"end":{"line":148,"column":73}},"53":{"start":{"line":148,"column":41},"end":{"line":148,"column":73}},"54":{"start":{"line":149,"column":8},"end":{"line":154,"column":10}},"55":{"start":{"line":155,"column":8},"end":{"line":155,"column":56}},"56":{"start":{"line":162,"column":4},"end":{"line":178,"column":5}},"57":{"start":{"line":163,"column":6},"end":{"line":177,"column":9}},"58":{"start":{"line":164,"column":8},"end":{"line":164,"column":75}},"59":{"start":{"line":164,"column":42},"end":{"line":164,"column":75}},"60":{"start":{"line":165,"column":8},"end":{"line":165,"column":73}},"61":{"start":{"line":165,"column":41},"end":{"line":165,"column":73}},"62":{"start":{"line":166,"column":8},"end":{"line":169,"column":10}},"63":{"start":{"line":170,"column":8},"end":{"line":175,"column":10}},"64":{"start":{"line":176,"column":8},"end":{"line":176,"column":55}},"65":{"start":{"line":185,"column":4},"end":{"line":185,"column":24}},"66":{"start":{"line":186,"column":21},"end":{"line":186,"column":34}},"67":{"start":{"line":187,"column":4},"end":{"line":187,"column":31}},"68":{"start":{"line":188,"column":4},"end":{"line":188,"column":39}},"69":{"start":{"line":189,"column":4},"end":{"line":189,"column":38}},"70":{"start":{"line":190,"column":4},"end":{"line":193,"column":7}},"71":{"start":{"line":197,"column":4},"end":{"line":208,"column":6}},"72":{"start":{"line":198,"column":6},"end":{"line":202,"column":7}},"73":{"start":{"line":199,"column":8},"end":{"line":199,"column":33}},"74":{"start":{"line":203,"column":6},"end":{"line":207,"column":9}},"75":{"start":{"line":212,"column":4},"end":{"line":216,"column":9}},"76":{"start":{"line":213,"column":6},"end":{"line":216,"column":8}},"77":{"start":{"line":222,"column":4},"end":{"line":224,"column":5}},"78":{"start":{"line":223,"column":6},"end":{"line":223,"column":46}},"79":{"start":{"line":225,"column":30},"end":{"line":225,"column":36}},"80":{"start":{"line":227,"column":4},"end":{"line":227,"column":58}},"81":{"start":{"line":227,"column":45},"end":{"line":227,"column":58}},"82":{"start":{"line":229,"column":4},"end":{"line":229,"column":68}},"83":{"start":{"line":229,"column":53},"end":{"line":229,"column":68}},"84":{"start":{"line":230,"column":4},"end":{"line":242,"column":5}},"85":{"start":{"line":231,"column":23},"end":{"line":231,"column":44}},"86":{"start":{"line":232,"column":27},"end":{"line":232,"column":41}},"87":{"start":{"line":233,"column":23},"end":{"line":233,"column":71}},"88":{"start":{"line":233,"column":54},"end":{"line":233,"column":63}},"89":{"start":{"line":236,"column":6},"end":{"line":239,"column":7}},"90":{"start":{"line":237,"column":8},"end":{"line":237,"column":41}},"91":{"start":{"line":238,"column":8},"end":{"line":238,"column":28}},"92":{"start":{"line":241,"column":6},"end":{"line":241,"column":35}},"93":{"start":{"line":243,"column":4},"end":{"line":243,"column":17}},"94":{"start":{"line":246,"column":2},"end":{"line":248,"column":3}},"95":{"start":{"line":247,"column":4},"end":{"line":247,"column":22}},"96":{"start":{"line":250,"column":2},"end":{"line":252,"column":3}},"97":{"start":{"line":251,"column":4},"end":{"line":251,"column":26}},"98":{"start":{"line":254,"column":2},"end":{"line":254,"column":35}},"99":{"start":{"line":256,"column":2},"end":{"line":256,"column":32}},"100":{"start":{"line":258,"column":2},"end":{"line":262,"column":4}},"101":{"start":{"line":264,"column":2},"end":{"line":264,"column":33}},"102":{"start":{"line":265,"column":2},"end":{"line":265,"column":28}},"103":{"start":{"line":268,"column":2},"end":{"line":277,"column":4}}},"fnMap":{"0":{"name":"enhanceRedux","decl":{"start":{"line":18,"column":24},"end":{"line":18,"column":36}},"loc":{"start":{"line":18,"column":64},"end":{"line":278,"column":1}},"line":18},"1":{"name":"dispatch","decl":{"start":{"line":37,"column":11},"end":{"line":37,"column":19}},"loc":{"start":{"line":37,"column":28},"end":{"line":55,"column":3}},"line":37},"2":{"name":"decorateReducer","decl":{"start":{"line":61,"column":11},"end":{"line":61,"column":26}},"loc":{"start":{"line":61,"column":64},"end":{"line":83,"column":3}},"line":61},"3":{"name":"(anonymous_3)","decl":{"start":{"line":62,"column":22},"end":{"line":62,"column":23}},"loc":{"start":{"line":62,"column":38},"end":{"line":79,"column":5}},"line":62},"4":{"name":"decorateEffect","decl":{"start":{"line":89,"column":11},"end":{"line":89,"column":25}},"loc":{"start":{"line":89,"column":56},"end":{"line":118,"column":3}},"line":89},"5":{"name":"(anonymous_5)","decl":{"start":{"line":90,"column":22},"end":{"line":90,"column":23}},"loc":{"start":{"line":90,"column":35},"end":{"line":115,"column":5}},"line":90},"6":{"name":"(anonymous_6)","decl":{"start":{"line":99,"column":20},"end":{"line":99,"column":21}},"loc":{"start":{"line":99,"column":35},"end":{"line":109,"column":11}},"line":99},"7":{"name":"(anonymous_7)","decl":{"start":{"line":104,"column":37},"end":{"line":104,"column":38}},"loc":{"start":{"line":104,"column":52},"end":{"line":104,"column":61}},"line":104},"8":{"name":"register","decl":{"start":{"line":124,"column":11},"end":{"line":124,"column":19}},"loc":{"start":{"line":124,"column":27},"end":{"line":132,"column":3}},"line":124},"9":{"name":"registerModel","decl":{"start":{"line":134,"column":11},"end":{"line":134,"column":24}},"loc":{"start":{"line":134,"column":32},"end":{"line":179,"column":3}},"line":134},"10":{"name":"(anonymous_10)","decl":{"start":{"line":146,"column":36},"end":{"line":146,"column":37}},"loc":{"start":{"line":146,"column":45},"end":{"line":156,"column":7}},"line":146},"11":{"name":"(anonymous_11)","decl":{"start":{"line":163,"column":35},"end":{"line":163,"column":36}},"loc":{"start":{"line":163,"column":44},"end":{"line":177,"column":7}},"line":163},"12":{"name":"unRegister","decl":{"start":{"line":184,"column":11},"end":{"line":184,"column":21}},"loc":{"start":{"line":184,"column":33},"end":{"line":194,"column":3}},"line":184},"13":{"name":"call","decl":{"start":{"line":196,"column":11},"end":{"line":196,"column":15}},"loc":{"start":{"line":196,"column":33},"end":{"line":209,"column":3}},"line":196},"14":{"name":"(anonymous_14)","decl":{"start":{"line":197,"column":11},"end":{"line":197,"column":12}},"loc":{"start":{"line":197,"column":33},"end":{"line":208,"column":5}},"line":197},"15":{"name":"push","decl":{"start":{"line":211,"column":11},"end":{"line":211,"column":15}},"loc":{"start":{"line":211,"column":18},"end":{"line":217,"column":3}},"line":211},"16":{"name":"(anonymous_16)","decl":{"start":{"line":212,"column":11},"end":{"line":212,"column":12}},"loc":{"start":{"line":213,"column":6},"end":{"line":216,"column":8}},"line":213},"17":{"name":"defaultReduce","decl":{"start":{"line":221,"column":11},"end":{"line":221,"column":24}},"loc":{"start":{"line":221,"column":50},"end":{"line":244,"column":3}},"line":221},"18":{"name":"(anonymous_18)","decl":{"start":{"line":233,"column":39},"end":{"line":233,"column":40}},"loc":{"start":{"line":233,"column":54},"end":{"line":233,"column":63}},"line":233}},"branchMap":{"0":{"loc":{"start":{"line":18,"column":37},"end":{"line":18,"column":48}},"type":"default-arg","locations":[{"start":{"line":18,"column":46},"end":{"line":18,"column":48}}],"line":18},"1":{"loc":{"start":{"line":18,"column":50},"end":{"line":18,"column":62}},"type":"default-arg","locations":[{"start":{"line":18,"column":60},"end":{"line":18,"column":62}}],"line":18},"2":{"loc":{"start":{"line":19,"column":8},"end":{"line":19,"column":21}},"type":"default-arg","locations":[{"start":{"line":19,"column":19},"end":{"line":19,"column":21}}],"line":19},"3":{"loc":{"start":{"line":19,"column":32},"end":{"line":19,"column":57}},"type":"default-arg","locations":[{"start":{"line":19,"column":44},"end":{"line":19,"column":57}}],"line":19},"4":{"loc":{"start":{"line":39,"column":4},"end":{"line":54,"column":5}},"type":"if","locations":[{"start":{"line":39,"column":4},"end":{"line":54,"column":5}},{"start":{"line":39,"column":4},"end":{"line":54,"column":5}}],"line":39},"5":{"loc":{"start":{"line":39,"column":8},"end":{"line":39,"column":47}},"type":"binary-expr","locations":[{"start":{"line":39,"column":8},"end":{"line":39,"column":14}},{"start":{"line":39,"column":18},"end":{"line":39,"column":47}}],"line":39},"6":{"loc":{"start":{"line":49,"column":11},"end":{"line":54,"column":5}},"type":"if","locations":[{"start":{"line":49,"column":11},"end":{"line":54,"column":5}},{"start":{"line":49,"column":11},"end":{"line":54,"column":5}}],"line":49},"7":{"loc":{"start":{"line":49,"column":15},"end":{"line":49,"column":46}},"type":"binary-expr","locations":[{"start":{"line":49,"column":15},"end":{"line":49,"column":31}},{"start":{"line":49,"column":35},"end":{"line":49,"column":46}}],"line":49},"8":{"loc":{"start":{"line":63,"column":6},"end":{"line":65,"column":7}},"type":"if","locations":[{"start":{"line":63,"column":6},"end":{"line":65,"column":7}},{"start":{"line":63,"column":6},"end":{"line":65,"column":7}}],"line":63},"9":{"loc":{"start":{"line":91,"column":6},"end":{"line":93,"column":7}},"type":"if","locations":[{"start":{"line":91,"column":6},"end":{"line":93,"column":7}},{"start":{"line":91,"column":6},"end":{"line":93,"column":7}}],"line":91},"10":{"loc":{"start":{"line":101,"column":12},"end":{"line":101,"column":41}},"type":"if","locations":[{"start":{"line":101,"column":12},"end":{"line":101,"column":41}},{"start":{"line":101,"column":12},"end":{"line":101,"column":41}}],"line":101},"11":{"loc":{"start":{"line":135,"column":4},"end":{"line":138,"column":5}},"type":"if","locations":[{"start":{"line":135,"column":4},"end":{"line":138,"column":5}},{"start":{"line":135,"column":4},"end":{"line":138,"column":5}}],"line":135},"12":{"loc":{"start":{"line":139,"column":23},"end":{"line":139,"column":33}},"type":"default-arg","locations":[{"start":{"line":139,"column":31},"end":{"line":139,"column":33}}],"line":139},"13":{"loc":{"start":{"line":139,"column":35},"end":{"line":139,"column":48}},"type":"default-arg","locations":[{"start":{"line":139,"column":46},"end":{"line":139,"column":48}}],"line":139},"14":{"loc":{"start":{"line":139,"column":50},"end":{"line":139,"column":62}},"type":"default-arg","locations":[{"start":{"line":139,"column":60},"end":{"line":139,"column":62}}],"line":139},"15":{"loc":{"start":{"line":145,"column":4},"end":{"line":157,"column":5}},"type":"if","locations":[{"start":{"line":145,"column":4},"end":{"line":157,"column":5}},{"start":{"line":145,"column":4},"end":{"line":157,"column":5}}],"line":145},"16":{"loc":{"start":{"line":147,"column":8},"end":{"line":147,"column":75}},"type":"if","locations":[{"start":{"line":147,"column":8},"end":{"line":147,"column":75}},{"start":{"line":147,"column":8},"end":{"line":147,"column":75}}],"line":147},"17":{"loc":{"start":{"line":148,"column":8},"end":{"line":148,"column":73}},"type":"if","locations":[{"start":{"line":148,"column":8},"end":{"line":148,"column":73}},{"start":{"line":148,"column":8},"end":{"line":148,"column":73}}],"line":148},"18":{"loc":{"start":{"line":162,"column":4},"end":{"line":178,"column":5}},"type":"if","locations":[{"start":{"line":162,"column":4},"end":{"line":178,"column":5}},{"start":{"line":162,"column":4},"end":{"line":178,"column":5}}],"line":162},"19":{"loc":{"start":{"line":164,"column":8},"end":{"line":164,"column":75}},"type":"if","locations":[{"start":{"line":164,"column":8},"end":{"line":164,"column":75}},{"start":{"line":164,"column":8},"end":{"line":164,"column":75}}],"line":164},"20":{"loc":{"start":{"line":165,"column":8},"end":{"line":165,"column":73}},"type":"if","locations":[{"start":{"line":165,"column":8},"end":{"line":165,"column":73}},{"start":{"line":165,"column":8},"end":{"line":165,"column":73}}],"line":165},"21":{"loc":{"start":{"line":198,"column":6},"end":{"line":202,"column":7}},"type":"if","locations":[{"start":{"line":198,"column":6},"end":{"line":202,"column":7}},{"start":{"line":198,"column":6},"end":{"line":202,"column":7}}],"line":198},"22":{"loc":{"start":{"line":221,"column":25},"end":{"line":221,"column":35}},"type":"default-arg","locations":[{"start":{"line":221,"column":33},"end":{"line":221,"column":35}}],"line":221},"23":{"loc":{"start":{"line":221,"column":37},"end":{"line":221,"column":48}},"type":"default-arg","locations":[{"start":{"line":221,"column":46},"end":{"line":221,"column":48}}],"line":221},"24":{"loc":{"start":{"line":222,"column":4},"end":{"line":224,"column":5}},"type":"if","locations":[{"start":{"line":222,"column":4},"end":{"line":224,"column":5}},{"start":{"line":222,"column":4},"end":{"line":224,"column":5}}],"line":222},"25":{"loc":{"start":{"line":227,"column":4},"end":{"line":227,"column":58}},"type":"if","locations":[{"start":{"line":227,"column":4},"end":{"line":227,"column":58}},{"start":{"line":227,"column":4},"end":{"line":227,"column":58}}],"line":227},"26":{"loc":{"start":{"line":227,"column":8},"end":{"line":227,"column":43}},"type":"binary-expr","locations":[{"start":{"line":227,"column":8},"end":{"line":227,"column":13}},{"start":{"line":227,"column":17},"end":{"line":227,"column":43}}],"line":227},"27":{"loc":{"start":{"line":229,"column":4},"end":{"line":229,"column":68}},"type":"if","locations":[{"start":{"line":229,"column":4},"end":{"line":229,"column":68}},{"start":{"line":229,"column":4},"end":{"line":229,"column":68}}],"line":229},"28":{"loc":{"start":{"line":236,"column":6},"end":{"line":239,"column":7}},"type":"if","locations":[{"start":{"line":236,"column":6},"end":{"line":239,"column":7}},{"start":{"line":236,"column":6},"end":{"line":239,"column":7}}],"line":236},"29":{"loc":{"start":{"line":246,"column":2},"end":{"line":248,"column":3}},"type":"if","locations":[{"start":{"line":246,"column":2},"end":{"line":248,"column":3}},{"start":{"line":246,"column":2},"end":{"line":248,"column":3}}],"line":246},"30":{"loc":{"start":{"line":250,"column":2},"end":{"line":252,"column":3}},"type":"if","locations":[{"start":{"line":250,"column":2},"end":{"line":252,"column":3}},{"start":{"line":250,"column":2},"end":{"line":252,"column":3}}],"line":250},"31":{"loc":{"start":{"line":250,"column":6},"end":{"line":250,"column":36}},"type":"binary-expr","locations":[{"start":{"line":250,"column":6},"end":{"line":250,"column":14}},{"start":{"line":250,"column":18},"end":{"line":250,"column":36}}],"line":250},"32":{"loc":{"start":{"line":259,"column":4},"end":{"line":259,"column":28}},"type":"binary-expr","locations":[{"start":{"line":259,"column":4},"end":{"line":259,"column":11}},{"start":{"line":259,"column":15},"end":{"line":259,"column":28}}],"line":259}},"s":{"0":7,"1":7,"2":7,"3":7,"4":7,"5":4,"6":2,"7":2,"8":2,"9":2,"10":2,"11":0,"12":2,"13":1,"14":1,"15":21,"16":4,"17":4,"18":4,"19":4,"20":4,"21":4,"22":21,"23":21,"24":14,"25":2,"26":2,"27":2,"28":2,"29":0,"30":0,"31":0,"32":0,"33":0,"34":0,"35":0,"36":0,"37":0,"38":14,"39":14,"40":0,"41":0,"42":0,"43":0,"44":14,"45":14,"46":14,"47":14,"48":14,"49":14,"50":21,"51":14,"52":21,"53":14,"54":21,"55":21,"56":14,"57":14,"58":14,"59":0,"60":14,"61":0,"62":14,"63":14,"64":14,"65":0,"66":0,"67":0,"68":0,"69":0,"70":0,"71":2,"72":2,"73":2,"74":2,"75":2,"76":0,"77":12,"78":12,"79":12,"80":12,"81":7,"82":5,"83":0,"84":5,"85":5,"86":5,"87":5,"88":1,"89":5,"90":5,"91":5,"92":0,"93":0,"94":7,"95":0,"96":7,"97":0,"98":7,"99":7,"100":7,"101":7,"102":7,"103":7},"f":{"0":7,"1":4,"2":21,"3":4,"4":14,"5":2,"6":0,"7":0,"8":0,"9":14,"10":21,"11":14,"12":0,"13":2,"14":2,"15":2,"16":0,"17":12,"18":1},"b":{"0":[0],"1":[7],"2":[7],"3":[7],"4":[2,2],"5":[4,4],"6":[1,1],"7":[2,2],"8":[4,0],"9":[2,0],"10":[0,0],"11":[14,0],"12":[0],"13":[0],"14":[0],"15":[14,0],"16":[14,7],"17":[14,7],"18":[14,0],"19":[0,14],"20":[0,14],"21":[2,0],"22":[0],"23":[0],"24":[12,0],"25":[7,5],"26":[12,12],"27":[0,5],"28":[5,0],"29":[0,7],"30":[0,7],"31":[7,7],"32":[7,7]},"_coverageSchema":"1a1c01bbd47fc00a2c39e90264f33305004495a9","hash":"dae7277d5fb24fa391ad72b61bd4516bd2e0d440"}
,"C:\\Users\\Administrator\\Desktop\\enhance-redux\\lib\\namespace.js": {"path":"C:\\Users\\Administrator\\Desktop\\enhance-redux\\lib\\namespace.js","statementMap":{"0":{"start":{"line":3,"column":29},"end":{"line":3,"column":32}},"1":{"start":{"line":4,"column":23},"end":{"line":4,"column":24}},"2":{"start":{"line":5,"column":22},"end":{"line":5,"column":23}},"3":{"start":{"line":6,"column":34},"end":{"line":6,"column":80}},"4":{"start":{"line":8,"column":25},"end":{"line":8,"column":51}},"5":{"start":{"line":9,"column":37},"end":{"line":11,"column":1}},"6":{"start":{"line":12,"column":40},"end":{"line":14,"column":1}},"7":{"start":{"line":15,"column":50},"end":{"line":17,"column":1}}},"fnMap":{},"branchMap":{},"s":{"0":1,"1":1,"2":1,"3":1,"4":1,"5":1,"6":1,"7":1},"f":{},"b":{},"_coverageSchema":"1a1c01bbd47fc00a2c39e90264f33305004495a9","hash":"a8bee984b5cdfba19f6034dc93830d86dbffee51"}
,"C:\\Users\\Administrator\\Desktop\\enhance-redux\\lib\\util.js": {"path":"C:\\Users\\Administrator\\Desktop\\enhance-redux\\lib\\util.js","statementMap":{"0":{"start":{"line":3,"column":28},"end":{"line":3,"column":65}},"1":{"start":{"line":12,"column":2},"end":{"line":12,"column":26}},"2":{"start":{"line":12,"column":19},"end":{"line":12,"column":26}},"3":{"start":{"line":13,"column":2},"end":{"line":15,"column":3}},"4":{"start":{"line":14,"column":4},"end":{"line":14,"column":27}},"5":{"start":{"line":16,"column":2},"end":{"line":18,"column":16}},"6":{"start":{"line":17,"column":4},"end":{"line":17,"column":29}},"7":{"start":{"line":22,"column":2},"end":{"line":22,"column":28}},"8":{"start":{"line":26,"column":2},"end":{"line":29,"column":4}},"9":{"start":{"line":32,"column":29},"end":{"line":32,"column":45}},"10":{"start":{"line":32,"column":40},"end":{"line":32,"column":45}},"11":{"start":{"line":34,"column":26},"end":{"line":37,"column":18}},"12":{"start":{"line":35,"column":2},"end":{"line":37,"column":18}},"13":{"start":{"line":39,"column":29},"end":{"line":42,"column":1}},"14":{"start":{"line":41,"column":2},"end":{"line":41,"column":25}},"15":{"start":{"line":44,"column":21},"end":{"line":47,"column":1}},"16":{"start":{"line":45,"column":2},"end":{"line":45,"column":27}},"17":{"start":{"line":45,"column":20},"end":{"line":45,"column":27}},"18":{"start":{"line":46,"column":2},"end":{"line":46,"column":71}},"19":{"start":{"line":49,"column":23},"end":{"line":51,"column":1}},"20":{"start":{"line":50,"column":2},"end":{"line":50,"column":57}},"21":{"start":{"line":53,"column":24},"end":{"line":55,"column":1}},"22":{"start":{"line":54,"column":2},"end":{"line":54,"column":71}}},"fnMap":{"0":{"name":"warning","decl":{"start":{"line":11,"column":16},"end":{"line":11,"column":23}},"loc":{"start":{"line":11,"column":44},"end":{"line":19,"column":1}},"line":11},"1":{"name":"isArray","decl":{"start":{"line":21,"column":16},"end":{"line":21,"column":23}},"loc":{"start":{"line":21,"column":29},"end":{"line":23,"column":1}},"line":21},"2":{"name":"isReduxPrimitiveType","decl":{"start":{"line":25,"column":16},"end":{"line":25,"column":36}},"loc":{"start":{"line":25,"column":43},"end":{"line":30,"column":1}},"line":25},"3":{"name":"(anonymous_3)","decl":{"start":{"line":32,"column":29},"end":{"line":32,"column":30}},"loc":{"start":{"line":32,"column":40},"end":{"line":32,"column":45}},"line":32},"4":{"name":"(anonymous_4)","decl":{"start":{"line":34,"column":26},"end":{"line":34,"column":27}},"loc":{"start":{"line":35,"column":2},"end":{"line":37,"column":18}},"line":35},"5":{"name":"(anonymous_5)","decl":{"start":{"line":39,"column":29},"end":{"line":39,"column":30}},"loc":{"start":{"line":39,"column":53},"end":{"line":42,"column":1}},"line":39},"6":{"name":"(anonymous_6)","decl":{"start":{"line":44,"column":21},"end":{"line":44,"column":22}},"loc":{"start":{"line":44,"column":37},"end":{"line":47,"column":1}},"line":44},"7":{"name":"(anonymous_7)","decl":{"start":{"line":49,"column":23},"end":{"line":49,"column":24}},"loc":{"start":{"line":49,"column":32},"end":{"line":51,"column":1}},"line":49},"8":{"name":"(anonymous_8)","decl":{"start":{"line":53,"column":24},"end":{"line":53,"column":25}},"loc":{"start":{"line":53,"column":33},"end":{"line":55,"column":1}},"line":53}},"branchMap":{"0":{"loc":{"start":{"line":12,"column":2},"end":{"line":12,"column":26}},"type":"if","locations":[{"start":{"line":12,"column":2},"end":{"line":12,"column":26}},{"start":{"line":12,"column":2},"end":{"line":12,"column":26}}],"line":12},"1":{"loc":{"start":{"line":13,"column":2},"end":{"line":15,"column":3}},"type":"if","locations":[{"start":{"line":13,"column":2},"end":{"line":15,"column":3}},{"start":{"line":13,"column":2},"end":{"line":15,"column":3}}],"line":13},"2":{"loc":{"start":{"line":13,"column":6},"end":{"line":13,"column":75}},"type":"binary-expr","locations":[{"start":{"line":13,"column":6},"end":{"line":13,"column":36}},{"start":{"line":13,"column":40},"end":{"line":13,"column":75}}],"line":13},"3":{"loc":{"start":{"line":27,"column":4},"end":{"line":28,"column":49}},"type":"binary-expr","locations":[{"start":{"line":27,"column":4},"end":{"line":27,"column":46}},{"start":{"line":28,"column":4},"end":{"line":28,"column":49}}],"line":27},"4":{"loc":{"start":{"line":34,"column":27},"end":{"line":34,"column":38}},"type":"default-arg","locations":[{"start":{"line":34,"column":36},"end":{"line":34,"column":38}}],"line":34},"5":{"loc":{"start":{"line":39,"column":30},"end":{"line":39,"column":48}},"type":"default-arg","locations":[{"start":{"line":39,"column":36},"end":{"line":39,"column":48}}],"line":39},"6":{"loc":{"start":{"line":45,"column":2},"end":{"line":45,"column":27}},"type":"if","locations":[{"start":{"line":45,"column":2},"end":{"line":45,"column":27}},{"start":{"line":45,"column":2},"end":{"line":45,"column":27}}],"line":45},"7":{"loc":{"start":{"line":50,"column":9},"end":{"line":50,"column":56}},"type":"binary-expr","locations":[{"start":{"line":50,"column":9},"end":{"line":50,"column":26}},{"start":{"line":50,"column":30},"end":{"line":50,"column":40}},{"start":{"line":50,"column":44},"end":{"line":50,"column":56}}],"line":50},"8":{"loc":{"start":{"line":54,"column":9},"end":{"line":54,"column":70}},"type":"binary-expr","locations":[{"start":{"line":54,"column":9},"end":{"line":54,"column":12}},{"start":{"line":54,"column":17},"end":{"line":54,"column":40}},{"start":{"line":54,"column":44},"end":{"line":54,"column":69}}],"line":54}},"s":{"0":1,"1":89,"2":89,"3":0,"4":0,"5":0,"6":0,"7":14,"8":24,"9":1,"10":0,"11":1,"12":5,"13":1,"14":5,"15":1,"16":6,"17":0,"18":6,"19":1,"20":0,"21":1,"22":49},"f":{"0":89,"1":14,"2":24,"3":0,"4":5,"5":5,"6":6,"7":0,"8":49},"b":{"0":[89,0],"1":[0,0],"2":[0,0],"3":[24,10],"4":[0],"5":[0],"6":[0,6],"7":[0,0,0],"8":[49,49,0]},"_coverageSchema":"1a1c01bbd47fc00a2c39e90264f33305004495a9","hash":"3256a76fe14378f542ca189fb5920280d4b5036e"}
,"C:\\Users\\Administrator\\Desktop\\enhance-redux\\test\\model\\common.js": {"path":"C:\\Users\\Administrator\\Desktop\\enhance-redux\\test\\model\\common.js","statementMap":{"0":{"start":{"line":13,"column":6},"end":{"line":16,"column":8}},"1":{"start":{"line":19,"column":6},"end":{"line":22,"column":8}},"2":{"start":{"line":27,"column":21},"end":{"line":29,"column":8}},"3":{"start":{"line":28,"column":8},"end":{"line":28,"column":43}},"4":{"start":{"line":30,"column":6},"end":{"line":30,"column":52}},"5":{"start":{"line":32,"column":6},"end":{"line":32,"column":21}},"6":{"start":{"line":35,"column":6},"end":{"line":35,"column":35}},"7":{"start":{"line":36,"column":6},"end":{"line":36,"column":21}}},"fnMap":{"0":{"name":"(anonymous_0)","decl":{"start":{"line":12,"column":4},"end":{"line":12,"column":5}},"loc":{"start":{"line":12,"column":56},"end":{"line":17,"column":5}},"line":12},"1":{"name":"(anonymous_1)","decl":{"start":{"line":18,"column":4},"end":{"line":18,"column":5}},"loc":{"start":{"line":18,"column":55},"end":{"line":23,"column":5}},"line":18},"2":{"name":"(anonymous_2)","decl":{"start":{"line":26,"column":4},"end":{"line":26,"column":5}},"loc":{"start":{"line":26,"column":35},"end":{"line":33,"column":5}},"line":26},"3":{"name":"(anonymous_3)","decl":{"start":{"line":27,"column":39},"end":{"line":27,"column":40}},"loc":{"start":{"line":27,"column":60},"end":{"line":29,"column":7}},"line":27},"4":{"name":"(anonymous_4)","decl":{"start":{"line":34,"column":4},"end":{"line":34,"column":5}},"loc":{"start":{"line":34,"column":37},"end":{"line":37,"column":5}},"line":34}},"branchMap":{},"s":{"0":3,"1":1,"2":2,"3":2,"4":2,"5":2,"6":0,"7":0},"f":{"0":3,"1":1,"2":2,"3":2,"4":0},"b":{},"_coverageSchema":"1a1c01bbd47fc00a2c39e90264f33305004495a9","hash":"2c5ab0dedfd3311a5f61bd4b39e2033c0f5a4602"}
,"C:\\Users\\Administrator\\Desktop\\enhance-redux\\test\\model\\list.js": {"path":"C:\\Users\\Administrator\\Desktop\\enhance-redux\\test\\model\\list.js","statementMap":{"0":{"start":{"line":8,"column":6},"end":{"line":10,"column":8}}},"fnMap":{"0":{"name":"(anonymous_0)","decl":{"start":{"line":7,"column":4},"end":{"line":7,"column":5}},"loc":{"start":{"line":7,"column":32},"end":{"line":11,"column":5}},"line":7}},"branchMap":{},"s":{"0":0},"f":{"0":0},"b":{},"_coverageSchema":"1a1c01bbd47fc00a2c39e90264f33305004495a9","hash":"5705c61b0b3c89c1245979368a06ad35db3f5a24"}
}
