TN:
SF:lib\check.js
FN:4,isAllFunction
FN:5,(anonymous_1)
FN:8,checkModel
FN:21,checkType
FN:30,isSame
FNF:5
FNH:5
FNDA:28,isAllFunction
FNDA:35,(anonymous_1)
FNDA:14,checkModel
FNDA:12,checkType
FNDA:2,isSame
DA:5,35
DA:9,14
DA:10,14
DA:14,14
DA:15,14
DA:17,14
DA:18,14
DA:22,12
DA:23,12
DA:24,12
DA:25,12
DA:26,5
DA:27,5
DA:31,2
LF:14
LH:14
BRDA:8,0,0,0
BRDA:9,1,0,0
BRDA:9,2,0,0
BRDA:22,3,0,0
BRDA:22,3,1,12
BRDA:23,4,0,12
BRDA:23,4,1,12
BRDA:25,5,0,7
BRDA:25,5,1,5
BRF:9
BRH:5
end_of_record
TN:
SF:lib\index.js
FN:18,enhanceRedux
FN:37,dispatch
FN:61,decorateReducer
FN:62,(anonymous_3)
FN:89,decorateEffect
FN:90,(anonymous_5)
FN:99,(anonymous_6)
FN:104,(anonymous_7)
FN:124,register
FN:134,registerModel
FN:146,(anonymous_10)
FN:163,(anonymous_11)
FN:184,unRegister
FN:196,call
FN:197,(anonymous_14)
FN:211,push
FN:212,(anonymous_16)
FN:221,defaultReduce
FN:233,(anonymous_18)
FNF:19
FNH:14
FNDA:7,enhanceRedux
FNDA:4,dispatch
FNDA:21,decorateReducer
FNDA:4,(anonymous_3)
FNDA:14,decorateEffect
FNDA:2,(anonymous_5)
FNDA:0,(anonymous_6)
FNDA:0,(anonymous_7)
FNDA:0,register
FNDA:14,registerModel
FNDA:21,(anonymous_10)
FNDA:14,(anonymous_11)
FNDA:0,unRegister
FNDA:2,call
FNDA:2,(anonymous_14)
FNDA:2,push
FNDA:0,(anonymous_16)
FNDA:12,defaultReduce
FNDA:1,(anonymous_18)
DA:19,7
DA:20,7
DA:21,7
DA:22,7
DA:23,7
DA:39,4
DA:40,2
DA:41,2
DA:42,2
DA:43,2
DA:44,2
DA:46,0
DA:49,2
DA:50,1
DA:53,1
DA:62,21
DA:63,4
DA:64,4
DA:66,4
DA:67,4
DA:74,4
DA:78,4
DA:81,21
DA:82,21
DA:90,14
DA:91,2
DA:92,2
DA:94,2
DA:95,2
DA:100,0
DA:101,0
DA:102,0
DA:103,0
DA:104,0
DA:106,0
DA:108,0
DA:116,14
DA:117,14
DA:125,0
DA:126,0
DA:127,0
DA:128,0
DA:135,14
DA:137,14
DA:139,14
DA:143,14
DA:145,14
DA:146,14
DA:147,21
DA:148,21
DA:149,21
DA:155,21
DA:162,14
DA:163,14
DA:164,14
DA:165,14
DA:166,14
DA:170,14
DA:176,14
DA:185,0
DA:186,0
DA:187,0
DA:188,0
DA:189,0
DA:190,0
DA:197,2
DA:198,2
DA:199,2
DA:203,2
DA:212,2
DA:213,0
DA:222,12
DA:223,12
DA:225,12
DA:227,12
DA:229,5
DA:230,5
DA:231,5
DA:232,5
DA:233,5
DA:236,5
DA:237,5
DA:238,5
DA:241,0
DA:243,0
DA:246,7
DA:247,0
DA:250,7
DA:251,0
DA:254,7
DA:256,7
DA:258,7
DA:264,7
DA:265,7
DA:268,7
LF:95
LH:72
BRDA:18,0,0,0
BRDA:18,1,0,7
BRDA:19,2,0,7
BRDA:19,3,0,7
BRDA:39,4,0,2
BRDA:39,4,1,2
BRDA:39,5,0,4
BRDA:39,5,1,4
BRDA:49,6,0,1
BRDA:49,6,1,1
BRDA:49,7,0,2
BRDA:49,7,1,2
BRDA:63,8,0,4
BRDA:63,8,1,0
BRDA:91,9,0,2
BRDA:91,9,1,0
BRDA:101,10,0,0
BRDA:101,10,1,0
BRDA:135,11,0,14
BRDA:135,11,1,0
BRDA:139,12,0,0
BRDA:139,13,0,0
BRDA:139,14,0,0
BRDA:145,15,0,14
BRDA:145,15,1,0
BRDA:147,16,0,14
BRDA:147,16,1,7
BRDA:148,17,0,14
BRDA:148,17,1,7
BRDA:162,18,0,14
BRDA:162,18,1,0
BRDA:164,19,0,0
BRDA:164,19,1,14
BRDA:165,20,0,0
BRDA:165,20,1,14
BRDA:198,21,0,2
BRDA:198,21,1,0
BRDA:221,22,0,0
BRDA:221,23,0,0
BRDA:222,24,0,12
BRDA:222,24,1,0
BRDA:227,25,0,7
BRDA:227,25,1,5
BRDA:227,26,0,12
BRDA:227,26,1,12
BRDA:229,27,0,0
BRDA:229,27,1,5
BRDA:236,28,0,5
BRDA:236,28,1,0
BRDA:246,29,0,0
BRDA:246,29,1,7
BRDA:250,30,0,0
BRDA:250,30,1,7
BRDA:250,31,0,7
BRDA:250,31,1,7
BRDA:259,32,0,7
BRDA:259,32,1,7
BRF:57
BRH:36
end_of_record
TN:
SF:lib\namespace.js
FNF:0
FNH:0
DA:3,1
DA:4,1
DA:5,1
DA:6,1
DA:8,1
DA:9,1
DA:12,1
DA:15,1
LF:8
LH:8
BRF:0
BRH:0
end_of_record
TN:
SF:lib\util.js
FN:11,warning
FN:21,isArray
FN:25,isReduxPrimitiveType
FN:32,(anonymous_3)
FN:34,(anonymous_4)
FN:39,(anonymous_5)
FN:44,(anonymous_6)
FN:49,(anonymous_7)
FN:53,(anonymous_8)
FNF:9
FNH:7
FNDA:89,warning
FNDA:14,isArray
FNDA:24,isReduxPrimitiveType
FNDA:0,(anonymous_3)
FNDA:5,(anonymous_4)
FNDA:5,(anonymous_5)
FNDA:6,(anonymous_6)
FNDA:0,(anonymous_7)
FNDA:49,(anonymous_8)
DA:3,1
DA:12,89
DA:13,0
DA:14,0
DA:16,0
DA:17,0
DA:22,14
DA:26,24
DA:32,1
DA:34,1
DA:35,5
DA:39,1
DA:41,5
DA:44,1
DA:45,6
DA:46,6
DA:49,1
DA:50,0
DA:53,1
DA:54,49
LF:20
LH:15
BRDA:12,0,0,89
BRDA:12,0,1,0
BRDA:13,1,0,0
BRDA:13,1,1,0
BRDA:13,2,0,0
BRDA:13,2,1,0
BRDA:27,3,0,24
BRDA:27,3,1,10
BRDA:34,4,0,0
BRDA:39,5,0,0
BRDA:45,6,0,0
BRDA:45,6,1,6
BRDA:50,7,0,0
BRDA:50,7,1,0
BRDA:50,7,2,0
BRDA:54,8,0,49
BRDA:54,8,1,49
BRDA:54,8,2,0
BRF:18
BRH:6
end_of_record
TN:
SF:test\model\common.js
FN:12,(anonymous_0)
FN:18,(anonymous_1)
FN:26,(anonymous_2)
FN:27,(anonymous_3)
FN:34,(anonymous_4)
FNF:5
FNH:4
FNDA:3,(anonymous_0)
FNDA:1,(anonymous_1)
FNDA:2,(anonymous_2)
FNDA:2,(anonymous_3)
FNDA:0,(anonymous_4)
DA:13,3
DA:19,1
DA:27,2
DA:28,2
DA:30,2
DA:32,2
DA:35,0
DA:36,0
LF:8
LH:6
BRF:0
BRH:0
end_of_record
TN:
SF:test\model\list.js
FN:7,(anonymous_0)
FNF:1
FNH:0
FNDA:0,(anonymous_0)
DA:8,0
LF:1
LH:0
BRF:0
BRH:0
end_of_record
